20180114|20:52:18|root|INFO|Load word files
20180114|20:52:18|root|DEBUG|Loading technical_words
20180114|20:52:18|root|DEBUG|Loading technical_words
20180114|20:52:18|root|DEBUG|Loading class : lines.wordcategories.technical_word_category.TechnicalWordCategory
20180114|20:52:18|root|DEBUG|Setting file name : data/technical_words.data in TechnicalWordCategory
20180114|20:52:18|root|DEBUG|Setting class name : TechnicalWordCategory in TechnicalWordCategory
20180114|20:52:18|root|DEBUG|Setting delimiter : | in TechnicalWordCategory
20180114|20:52:18|root|DEBUG|Setting config_name : technical_words in TechnicalWordCategory
20180114|20:52:18|root|DEBUG|Loading word file: TechnicalWordCategory
20180114|20:52:18|root|DEBUG|Loading common_words
20180114|20:52:18|root|DEBUG|Loading common_words
20180114|20:52:18|root|DEBUG|Loading class : lines.wordcategories.common_word_category.CommonWordCategory
20180114|20:52:18|root|DEBUG|Setting file name : data/common_words.data in CommonWordCategory
20180114|20:52:18|root|DEBUG|Setting class name : CommonWordCategory in CommonWordCategory
20180114|20:52:18|root|DEBUG|Setting delimiter : | in CommonWordCategory
20180114|20:52:18|root|DEBUG|Setting config_name : common_words in CommonWordCategory
20180114|20:52:18|root|DEBUG|Loading word file: CommonWordCategory
20180114|20:52:18|root|DEBUG|Loading scene_words
20180114|20:52:18|root|DEBUG|Loading scene_words
20180114|20:52:18|root|DEBUG|Loading class : lines.wordcategories.scene_word_category.SceneWordCategory
20180114|20:52:18|root|DEBUG|Setting file name : data/scene_words.data in SceneWordCategory
20180114|20:52:18|root|DEBUG|Setting class name : SceneWordCategory in SceneWordCategory
20180114|20:52:18|root|DEBUG|Setting delimiter : | in SceneWordCategory
20180114|20:52:18|root|DEBUG|Setting config_name : scene_words in SceneWordCategory
20180114|20:52:18|root|DEBUG|Loading word file: SceneWordCategory
20180114|20:52:18|root|INFO|Load media_types
20180114|20:52:18|root|DEBUG|Loading applications
20180114|20:52:18|root|DEBUG|Loading class : lines.mediatypes.applications_media_type.ApplicationsMediaType
20180114|20:52:18|root|DEBUG|Loading media type(applications) extensions ['iso', 'nfo', 'bin']
20180114|20:52:18|root|DEBUG|Loading media type(applications) destinations directory /media/entertainment/apps/
20180114|20:52:18|root|DEBUG|Loading media type(applications) known_names_list application_names.data
20180114|20:52:18|root|INFO|Load media sub types
20180114|20:52:18|root|DEBUG|Loading books
20180114|20:52:18|root|DEBUG|Loading class : lines.mediatypes.books_media_type.BooksMediaType
20180114|20:52:18|root|DEBUG|Loading media type(books) extensions ['pdf', 'epub']
20180114|20:52:18|root|DEBUG|Loading media type(books) destinations directory /media/entertainment/books/
20180114|20:52:18|root|DEBUG|Loading media type(books) known_names_list book_names.data
20180114|20:52:18|root|INFO|Load media sub types
20180114|20:52:18|root|DEBUG|Loading videos
20180114|20:52:18|root|DEBUG|Loading class : lines.mediatypes.videos_media_type.VideosMediaType
20180114|20:52:18|root|DEBUG|Loading media type(videos) extensions ['avi', 'mp4', 'mkv']
20180114|20:52:18|root|DEBUG|Loading media type(videos) destinations directory 
20180114|20:52:18|root|DEBUG|Loading media type(videos) known_names_list 
20180114|20:52:18|root|INFO|Load media sub types
20180114|20:52:18|root|DEBUG|Loading videos - movies
20180114|20:52:18|root|DEBUG|Loading subtype class : lines.mediatypes.movies_media_sub_type.MoviesMediaSubType
20180114|20:52:18|root|DEBUG|Loading media sub type(videos - movies) destinations directory 
20180114|20:52:18|root|DEBUG|Loading media sub type(videos - movies) known_names_list movies_names.data
20180114|20:52:18|root|DEBUG|Loading videos - tv_shows
20180114|20:52:18|root|DEBUG|Loading subtype class : lines.mediatypes.tv_shows_media_sub_type.TvShowsMediaSubType
20180114|20:52:18|root|DEBUG|Loading media sub type(videos - tv_shows) destinations directory 
20180114|20:52:18|root|DEBUG|Loading media sub type(videos - tv_shows) known_names_list tv_show_names.data
20180114|20:52:18|root|DEBUG|Loading audios
20180114|20:52:18|root|DEBUG|Loading class : lines.mediatypes.audios_media_type.AudiosMediaType
20180114|20:52:18|root|DEBUG|Loading media type(audios) extensions ['mp3', 'wav']
20180114|20:52:18|root|DEBUG|Loading media type(audios) destinations directory 
20180114|20:52:18|root|DEBUG|Loading media type(audios) known_names_list audio_names.data
20180114|20:52:18|root|INFO|Load media sub types
20180114|20:52:18|root|INFO|Load target list of file names in /media/storage/eclipse-workspace/MonkeyShifter
20180114|20:52:18|root|INFO|Found 12 file names
20180114|20:52:18|root|INFO|Tuning mode enabled. Processing all unmatched words
